\BOOKMARK [0][-]{chapter.1}{\376\377\000S\000Q\000L\000\040\000e\000n\000\040\000P\000o\000s\000t\000g\000r\000e\000s}{}% 1
\BOOKMARK [1][-]{section.1.1}{\376\377\000N\000o\000t\000a\000s\000\040\000p\000r\000e\000v\000i\000a\000s\000.\000.\000.}{chapter.1}% 2
\BOOKMARK [1][-]{section.1.2}{\376\377\000C\000o\000m\000a\000n\000d\000o\000s\000\040\000b\000\341\000s\000i\000c\000o\000s}{chapter.1}% 3
\BOOKMARK [2][-]{subsection.1.2.1}{\376\377\000E\000s\000t\000r\000u\000c\000t\000u\000r\000a\000\040\000b\000\341\000s\000i\000c\000a\000\040\000d\000e\000\040\000u\000n\000a\000\040\000c\000o\000n\000s\000u\000l\000t\000a}{section.1.2}% 4
\BOOKMARK [2][-]{subsection.1.2.2}{\376\377\000W\000h\000e\000r\000e\000\040\000v\000s\000\040\000H\000a\000v\000i\000n\000g}{section.1.2}% 5
\BOOKMARK [2][-]{subsection.1.2.3}{\376\377\000C\000r\000e\000a\000r\000\040\000u\000n\000a\000\040\000b\000a\000s\000e\000\040\000d\000e\000\040\000d\000a\000t\000o\000s}{section.1.2}% 6
\BOOKMARK [2][-]{subsection.1.2.4}{\376\377\000C\000r\000e\000a\000r\000\040\000u\000n\000a\000\040\000t\000a\000b\000l\000a}{section.1.2}% 7
\BOOKMARK [2][-]{subsection.1.2.5}{\376\377\000I\000n\000s\000e\000r\000t\000a\000r\000\040\000d\000a\000t\000o\000s\000\040\000a\000\040\000u\000n\000a\000\040\000t\000a\000b\000l\000a}{section.1.2}% 8
\BOOKMARK [2][-]{subsection.1.2.6}{\376\377\000V\000e\000r\000\040\000t\000o\000d\000o\000s\000\040\000l\000o\000s\000\040\000d\000a\000t\000o\000s}{section.1.2}% 9
\BOOKMARK [1][-]{section.1.3}{\376\377\000L\000i\000m\000p\000i\000e\000z\000a\000,\000\040\000o\000r\000d\000e\000n\000\040\000y\000\040\000t\000r\000a\000n\000s\000f\000o\000r\000m\000a\000c\000i\000\363\000n\000\040\000d\000e\000\040\000d\000a\000t\000o\000s}{chapter.1}% 10
\BOOKMARK [2][-]{subsection.1.3.1}{\376\377\000M\000a\000n\000i\000p\000u\000l\000a\000c\000i\000\363\000n\000\040\000d\000e\000\040\000f\000i\000l\000a\000s\000\040\000y\000\040\000c\000o\000l\000u\000m\000n\000a\000s}{section.1.3}% 11
\BOOKMARK [2][-]{subsection.1.3.2}{\376\377\000O\000r\000d\000e\000n}{section.1.3}% 12
\BOOKMARK [2][-]{subsection.1.3.3}{\376\377\000C\000o\000n\000v\000e\000r\000s\000i\000\363\000n\000\040\000d\000e\000\040\000t\000i\000p\000o\000s}{section.1.3}% 13
\BOOKMARK [1][-]{section.1.4}{\376\377\000A\000n\000\341\000l\000i\000s\000i\000s\000\040\000y\000\040\000v\000i\000s\000u\000a\000l\000i\000z\000a\000c\000i\000\363\000n}{chapter.1}% 14
\BOOKMARK [2][-]{subsection.1.4.1}{\376\377\000C\000\341\000l\000c\000u\000l\000o\000s\000\040\000m\000a\000t\000e\000m\000\341\000t\000i\000c\000o\000s\000\040\000b\000\341\000s\000i\000c\000o\000s}{section.1.4}% 15
\BOOKMARK [2][-]{subsection.1.4.2}{\376\377\000N\000\372\000m\000e\000r\000o\000\040\000d\000e\000\040\000c\000a\000r\000a\000c\000t\000e\000r\000e\000s\000\040\000d\000e\000\040\000c\000a\000d\000a\000\040\000f\000i\000l\000a}{section.1.4}% 16
\BOOKMARK [2][-]{subsection.1.4.3}{\376\377\000E\000x\000t\000r\000a\000e\000r\000\040\000u\000n\000\040\000s\000u\000b\000s\000t\000r\000i\000n\000g\000\040\000d\000e\000\040\000u\000n\000\040\000s\000t\000r\000i\000n\000g}{section.1.4}% 17
\BOOKMARK [2][-]{subsection.1.4.4}{\376\377\000D\000e\000v\000o\000l\000v\000e\000r\000\040\000v\000a\000l\000o\000r\000e\000s\000\040\000n\000u\000l\000o\000s}{section.1.4}% 18
\BOOKMARK [2][-]{subsection.1.4.5}{\376\377\000S\000u\000b\000c\000o\000n\000s\000u\000l\000t\000a}{section.1.4}% 19
\BOOKMARK [2][-]{subsection.1.4.6}{\376\377\000C\000o\000n\000s\000u\000l\000t\000a\000s\000\040\000e\000n\000\040\000m\000\372\000l\000t\000i\000p\000l\000e\000s\000\040\000t\000a\000b\000l\000a\000s}{section.1.4}% 20
\BOOKMARK [0][-]{chapter.2}{\376\377\000T\000e\000r\000m\000i\000n\000a\000l\000\040\000W\000i\000n\000d\000o\000w\000s}{}% 21
\BOOKMARK [1][-]{section.2.1}{\376\377\000C\000o\000m\000a\000n\000d\000o\000s\000\040\000c\000o\000m\000u\000n\000e\000s}{chapter.2}% 22
\BOOKMARK [0][-]{chapter.3}{\376\377\000E\000x\000c\000e\000l\000\040\000y\000\040\000G\000o\000o\000g\000l\000e\000\040\000S\000h\000e\000e\000t\000s}{}% 23
\BOOKMARK [1][-]{section.3.1}{\376\377\000N\000o\000t\000a\000s\000\040\000p\000r\000e\000v\000i\000a\000s\000.\000.\000.}{chapter.3}% 24
\BOOKMARK [1][-]{section.3.2}{\376\377\000C\000o\000m\000a\000n\000d\000o\000s\000\040\000b\000\341\000s\000i\000c\000o\000s}{chapter.3}% 25
\BOOKMARK [1][-]{section.3.3}{\376\377\000L\000i\000m\000p\000i\000e\000z\000a\000,\000\040\000o\000r\000d\000e\000n\000\040\000y\000\040\000t\000r\000a\000n\000s\000f\000o\000r\000m\000a\000c\000i\000\363\000n\000\040\000d\000e\000\040\000d\000a\000t\000o\000s}{chapter.3}% 26
\BOOKMARK [2][-]{subsection.3.3.1}{\376\377\000F\000i\000l\000t\000r\000a\000d\000o}{section.3.3}% 27
\BOOKMARK [2][-]{subsection.3.3.2}{\376\377\000O\000r\000d\000e\000n}{section.3.3}% 28
\BOOKMARK [2][-]{subsection.3.3.3}{\376\377\000Q\000u\000i\000t\000a\000r\000\040\000d\000u\000p\000l\000i\000c\000a\000d\000o\000s}{section.3.3}% 29
\BOOKMARK [2][-]{subsection.3.3.4}{\376\377\000F\000u\000n\000c\000i\000o\000n\000e\000s\000\040\000l\000\363\000g\000i\000c\000a\000s}{section.3.3}% 30
\BOOKMARK [2][-]{subsection.3.3.5}{\376\377\000M\000a\000n\000i\000p\000u\000l\000a\000c\000i\000\363\000n\000\040\000d\000e\000\040\000s\000t\000r\000i\000n\000g\000s}{section.3.3}% 31
\BOOKMARK [2][-]{subsection.3.3.6}{\376\377\000F\000o\000r\000m\000a\000t\000o\000s\000\040\000d\000e\000\040\000f\000e\000c\000h\000a\000s}{section.3.3}% 32
\BOOKMARK [2][-]{subsection.3.3.7}{\376\377\000B\000U\000R\000S\000C\000A\000R\000V\000\040\000y\000\040\000B\000U\000R\000S\000C\000A\000R\000H}{section.3.3}% 33
\BOOKMARK [2][-]{subsection.3.3.8}{\376\377\000F\000o\000r\000m\000a\000t\000o\000\040\000d\000e\000\040\000d\000a\000t\000o\000s}{section.3.3}% 34
\BOOKMARK [2][-]{subsection.3.3.9}{\376\377\000F\000o\000r\000m\000a\000t\000o\000\040\000c\000o\000n\000d\000i\000c\000i\000o\000n\000a\000l}{section.3.3}% 35
\BOOKMARK [1][-]{section.3.4}{\376\377\000A\000n\000\341\000l\000i\000s\000i\000s\000\040\000y\000\040\000v\000i\000s\000u\000a\000l\000i\000z\000a\000c\000i\000\363\000n}{chapter.3}% 36
\BOOKMARK [2][-]{subsection.3.4.1}{\376\377\000C\000\341\000l\000c\000u\000l\000o\000s\000\040\000m\000a\000t\000e\000m\000\341\000t\000i\000c\000o\000s\000\040\000b\000\341\000s\000i\000c\000o\000s}{section.3.4}% 37
\BOOKMARK [2][-]{subsection.3.4.2}{\376\377\000C\000\341\000l\000c\000u\000l\000o\000s\000\040\000c\000o\000n\000\040\000m\000\372\000l\000t\000i\000p\000l\000e\000s\000\040\000c\000r\000i\000t\000e\000r\000i\000o\000s}{section.3.4}% 38
\BOOKMARK [2][-]{subsection.3.4.3}{\376\377\000T\000a\000b\000l\000a\000s\000\040\000d\000i\000n\000\341\000m\000i\000c\000a\000s}{section.3.4}% 39
\BOOKMARK [2][-]{subsection.3.4.4}{\376\377\000C\000r\000e\000a\000c\000i\000\363\000n\000\040\000d\000e\000\040\000g\000r\000\341\000f\000i\000c\000o\000s}{section.3.4}% 40
\BOOKMARK [1][-]{section.3.5}{\376\377\000I\000m\000p\000o\000r\000t\000a\000c\000i\000\363\000n\000\040\000d\000e\000\040\000d\000a\000t\000o\000s}{chapter.3}% 41
\BOOKMARK [1][-]{section.3.6}{\376\377\000E\000r\000r\000o\000r\000e\000s}{chapter.3}% 42
\BOOKMARK [0][-]{chapter.4}{\376\377\000P\000y\000t\000h\000o\000n}{}% 43
\BOOKMARK [1][-]{section.4.1}{\376\377\000N\000o\000t\000a\000s\000\040\000p\000r\000e\000v\000i\000a\000s\000.\000.\000.}{chapter.4}% 44
\BOOKMARK [1][-]{section.4.2}{\376\377\000L\000i\000b\000r\000e\000r\000\355\000a\000s}{chapter.4}% 45
\BOOKMARK [2][-]{subsection.4.2.1}{\376\377\000I\000m\000p\000o\000r\000t\000a\000c\000i\000\363\000n\000\040\000d\000e\000\040\000d\000a\000t\000o\000s}{section.4.2}% 46
\BOOKMARK [1][-]{section.4.3}{\376\377\000L\000i\000m\000p\000i\000e\000z\000a\000,\000\040\000o\000r\000d\000e\000n\000\040\000y\000\040\000t\000r\000a\000n\000s\000f\000o\000r\000m\000a\000c\000i\000\363\000n\000\040\000d\000e\000\040\000d\000a\000t\000o\000s}{chapter.4}% 47
\BOOKMARK [2][-]{subsection.4.3.1}{\376\377\000M\000a\000n\000i\000p\000u\000l\000a\000c\000i\000\363\000n\000\040\000d\000e\000\040\000s\000t\000r\000i\000n\000g\000s}{section.4.3}% 48
\BOOKMARK [2][-]{subsection.4.3.2}{\376\377\000E\000s\000t\000r\000u\000c\000t\000u\000r\000a\000\040\000d\000e\000\040\000d\000a\000t\000o\000s}{section.4.3}% 49
\BOOKMARK [2][-]{subsection.4.3.3}{\376\377\000F\000i\000l\000t\000r\000a\000d\000o}{section.4.3}% 50
\BOOKMARK [2][-]{subsection.4.3.4}{\376\377\000O\000r\000d\000e\000n}{section.4.3}% 51
\BOOKMARK [1][-]{section.4.4}{\376\377\000A\000n\000\341\000l\000i\000s\000i\000s\000\040\000y\000\040\000v\000i\000s\000u\000a\000l\000i\000z\000a\000c\000i\000\363\000n}{chapter.4}% 52
\BOOKMARK [2][-]{subsection.4.4.1}{\376\377\000C\000\341\000l\000c\000u\000l\000o\000s\000\040\000m\000a\000t\000e\000m\000\341\000t\000i\000c\000o\000s}{section.4.4}% 53
\BOOKMARK [1][-]{section.4.5}{\376\377\000J\000u\000p\000y\000t\000e\000r\000\040\000n\000o\000t\000e\000b\000o\000o\000k}{chapter.4}% 54
\BOOKMARK [0][-]{chapter.5}{\376\377\000R}{}% 55
\BOOKMARK [1][-]{section.5.1}{\376\377\000N\000o\000t\000a\000s\000\040\000p\000r\000e\000v\000i\000a\000s\000.\000.\000.}{chapter.5}% 56
\BOOKMARK [1][-]{section.5.2}{\376\377\000P\000a\000q\000u\000e\000t\000e\000s}{chapter.5}% 57
\BOOKMARK [1][-]{section.5.3}{\376\377\000L\000i\000m\000p\000i\000e\000z\000a}{chapter.5}% 58
\BOOKMARK [2][-]{subsection.5.3.1}{\376\377\000R\000e\000s\000\372\000m\000e\000n\000e\000s\000\040\000d\000e\000\040\000d\000a\000t\000o\000s}{section.5.3}% 59
\BOOKMARK [1][-]{section.5.4}{\376\377\000O\000r\000d\000e\000n}{chapter.5}% 60
\BOOKMARK [1][-]{section.5.5}{\376\377\000T\000r\000a\000n\000s\000f\000o\000r\000m\000a\000c\000i\000\363\000n\000\040\000d\000e\000\040\000d\000a\000t\000o\000s}{chapter.5}% 61
\BOOKMARK [1][-]{section.5.6}{\376\377\000C\000\341\000l\000c\000u\000l\000o\000s\000\040\000m\000a\000t\000e\000m\000\341\000t\000i\000c\000o\000s}{chapter.5}% 62
\BOOKMARK [1][-]{section.5.7}{\376\377\000V\000i\000s\000u\000a\000l\000i\000z\000a\000c\000i\000\363\000n}{chapter.5}% 63
\BOOKMARK [2][-]{subsection.5.7.1}{\376\377\000S\000u\000a\000v\000i\000z\000a\000d\000o}{section.5.7}% 64
\BOOKMARK [2][-]{subsection.5.7.2}{\376\377\000E\000s\000t\000\351\000t\000i\000c\000a\000\040\000y\000\040\000f\000a\000c\000e\000t\000a\000s}{section.5.7}% 65
\BOOKMARK [2][-]{subsection.5.7.3}{\376\377\000G\000u\000a\000r\000d\000a\000r\000\040\000g\000r\000\341\000f\000i\000c\000a\000s}{section.5.7}% 66
\BOOKMARK [1][-]{section.5.8}{\376\377\000R\000\040\000M\000a\000r\000k\000d\000o\000w\000n}{chapter.5}% 67
\BOOKMARK [0][-]{chapter.6}{\376\377\000G\000i\000t\000\040\000y\000\040\000G\000i\000t\000H\000u\000b}{}% 68
\BOOKMARK [1][-]{section.6.1}{\376\377\000G\000i\000t}{chapter.6}% 69
\BOOKMARK [2][-]{subsection.6.1.1}{\376\377\000R\000e\000p\000o\000s\000i\000t\000o\000r\000i\000o\000s}{section.6.1}% 70
\BOOKMARK [2][-]{subsection.6.1.2}{\376\377\000R\000a\000m\000a\000s}{section.6.1}% 71
\BOOKMARK [1][-]{section.6.2}{\376\377\000G\000i\000t\000H\000u\000b}{chapter.6}% 72
\BOOKMARK [0][-]{chapter.7}{\376\377\000T\000a\000b\000l\000e\000a\000u\000\040\000P\000u\000b\000l\000i\000c}{}% 73
\BOOKMARK [1][-]{section.7.1}{\376\377\000C\000r\000e\000a\000c\000i\000\363\000n\000\040\000d\000e\000\040\000v\000i\000s\000u\000a\000l\000i\000z\000a\000c\000i\000o\000n\000e\000s}{chapter.7}% 74
\BOOKMARK [2][-]{subsection.7.1.1}{\376\377\000I\000m\000p\000o\000r\000t\000a\000c\000i\000\363\000n\000\040\000d\000e\000\040\000d\000a\000t\000o\000s\000\040\000y\000\040\000c\000o\000n\000e\000x\000i\000o\000n\000e\000s}{section.7.1}% 75
\BOOKMARK [2][-]{subsection.7.1.2}{\376\377\000C\000a\000m\000p\000o\000s\000\040\000c\000a\000l\000c\000u\000l\000a\000d\000o\000s}{section.7.1}% 76
\BOOKMARK [2][-]{subsection.7.1.3}{\376\377\000C\000o\000n\000c\000e\000p\000t\000o\000s\000\040\000y\000\040\000e\000l\000e\000m\000e\000n\000t\000o\000s\000\040\000d\000e\000\040\000T\000a\000b\000l\000e\000a\000u}{section.7.1}% 77
\BOOKMARK [2][-]{subsection.7.1.4}{\376\377\000F\000i\000l\000t\000r\000o\000s}{section.7.1}% 78
\BOOKMARK [1][-]{section.7.2}{\376\377\000C\000r\000e\000a\000c\000i\000\363\000n\000\040\000d\000e\000\040\000v\000i\000s\000u\000a\000l\000i\000z\000a\000c\000i\000o\000n\000e\000s\000\040\000b\000\341\000s\000i\000c\000a\000s}{chapter.7}% 79
\BOOKMARK [1][-]{section.7.3}{\376\377\000D\000i\000s\000e\000\361\000o\000\040\000y\000\040\000p\000e\000r\000s\000o\000n\000a\000l\000i\000z\000a\000c\000i\000\363\000n\000\040\000d\000e\000\040\000p\000a\000n\000e\000l\000e\000s}{chapter.7}% 80
\BOOKMARK [2][-]{subsection.7.3.1}{\376\377\000F\000u\000n\000c\000i\000o\000n\000e\000s\000\040\000d\000e\000\040\000a\000g\000r\000e\000g\000a\000c\000i\000\363\000n}{section.7.3}% 81
\BOOKMARK [2][-]{subsection.7.3.2}{\376\377\000F\000u\000n\000c\000i\000o\000n\000e\000s\000\040\000L\000O\000D}{section.7.3}% 82
\BOOKMARK [1][-]{section.7.4}{\376\377\000D\000a\000s\000h\000b\000o\000a\000r\000d\000s}{chapter.7}% 83
\BOOKMARK [2][-]{subsection.7.4.1}{\376\377\000C\000r\000e\000a\000c\000i\000\363\000n\000\040\000d\000e\000\040\000u\000n\000\040\000d\000a\000s\000h\000b\000o\000a\000r\000d}{section.7.4}% 84
