This is pdfTeX, Version 3.141592653-2.6-1.40.25 (MiKTeX 23.5) (preloaded format=pdflatex 2023.8.24)  3 OCT 2023 17:59
entering extended mode
 \write18 enabled.
 %&-line parsing enabled.
**./Resumen_Comandos.tex
(Resumen_Comandos.tex
LaTeX2e <2023-06-01> patch level 1
L3 programming layer <2023-08-11>
(C:\Users\gabri\AppData\Local\Programs\MiKTeX\tex/latex/base\book.cls
Document Class: book 2023/05/17 v1.4n Standard LaTeX document class
(C:\Users\gabri\AppData\Local\Programs\MiKTeX\tex/latex/base\bk12.clo
File: bk12.clo 2023/05/17 v1.4n Standard LaTeX file (size option)
)
\c@part=\count185
\c@chapter=\count186
\c@section=\count187
\c@subsection=\count188
\c@subsubsection=\count189
\c@paragraph=\count190
\c@subparagraph=\count191
\c@figure=\count192
\c@table=\count193
\abovecaptionskip=\skip48
\belowcaptionskip=\skip49
\bibindent=\dimen140
)
(C:\Users\gabri\AppData\Local\Programs\MiKTeX\tex/latex/base\inputenc.sty
Package: inputenc 2021/02/14 v1.3d Input encoding file
\inpenc@prehook=\toks17
\inpenc@posthook=\toks18
)
(C:\Users\gabri\AppData\Local\Programs\MiKTeX\tex/generic/babel\babel.sty
Package: babel 2023/07/15 v3.92 The Babel package
\babel@savecnt=\count194
\U@D=\dimen141
\l@unhyphenated=\language79

(C:\Users\gabri\AppData\Local\Programs\MiKTeX\tex/generic/babel\txtbabel.def)
\bbl@readstream=\read2
\bbl@dirlevel=\count195

*************************************
* Local config file bblopts.cfg used
*
(C:\Users\gabri\AppData\Local\Programs\MiKTeX\tex/latex/arabi\bblopts.cfg
File: bblopts.cfg 2005/09/08 v0.1 add Arabic and Farsi to "declared" options of
 babel
)
(C:\Users\gabri\AppData\Local\Programs\MiKTeX\tex/latex/babel-spanish\spanish.l
df
Language: spanish.ldf 2021/05/27 v5.0q Spanish support from the babel system
\es@quottoks=\toks19
\es@quotdepth=\count196
Package babel Info: Making " an active character on input line 570.
Package babel Info: Making . an active character on input line 675.
Package babel Info: Making < an active character on input line 722.
Package babel Info: Making > an active character on input line 722.
))
(C:\Users\gabri\AppData\Local\Programs\MiKTeX\tex/generic/babel/locale/es\babel
-spanish.tex
Package babel Info: Importing font and identification data for spanish
(babel)             from babel-es.ini. Reported on input line 11.
)
(C:\Users\gabri\AppData\Local\Programs\MiKTeX\tex/latex/newtx\newtxtext.sty
Package: newtxtext 2023/08/20 v1.724(Michael Sharpe) latex and unicode latex su
pport for TeXGyreTermesX

`newtxtext' v1.724, 2023/08/20 Text macros taking advantage of TeXGyre Termes a
nd its extensions (msharpe)
(C:\Users\gabri\AppData\Local\Programs\MiKTeX\tex/generic/iftex\iftex.sty
Package: iftex 2022/02/03 v1.0f TeX engine tests
)
(C:\Users\gabri\AppData\Local\Programs\MiKTeX\tex/latex/xkeyval\xkeyval.sty
Package: xkeyval 2022/06/16 v2.9 package option processing (HA)

(C:\Users\gabri\AppData\Local\Programs\MiKTeX\tex/generic/xkeyval\xkeyval.tex
(C:\Users\gabri\AppData\Local\Programs\MiKTeX\tex/generic/xkeyval\xkvutils.tex
\XKV@toks=\toks20
\XKV@tempa@toks=\toks21

(C:\Users\gabri\AppData\Local\Programs\MiKTeX\tex/generic/xkeyval\keyval.tex))
\XKV@depth=\count197
File: xkeyval.tex 2014/12/03 v2.7a key=value parser (HA)
)) (C:\Users\gabri\AppData\Local\Programs\MiKTeX\tex/latex/etoolbox\etoolbox.st
y
Package: etoolbox 2020/10/05 v2.5k e-TeX tools for LaTeX (JAW)
\etb@tempcnta=\count198
) (C:\Users\gabri\AppData\Local\Programs\MiKTeX\tex/latex/base\textcomp.sty
Package: textcomp 2020/02/02 v2.0n Standard LaTeX package
)
(C:\Users\gabri\AppData\Local\Programs\MiKTeX\tex/latex/xstring\xstring.sty
(C:\Users\gabri\AppData\Local\Programs\MiKTeX\tex/generic/xstring\xstring.tex
\integerpart=\count199
\decimalpart=\count266
)
Package: xstring 2023/01/14 v1.85 String manipulations (CT)
) (C:\Users\gabri\AppData\Local\Programs\MiKTeX\tex/latex/base\ifthen.sty
Package: ifthen 2022/04/13 v1.1d Standard LaTeX ifthen package (DPC)
)
(C:\Users\gabri\AppData\Local\Programs\MiKTeX\tex/latex/carlisle\scalefnt.sty)
LaTeX Font Info:    Setting ntxLF sub-encoding to TS1/0 on input line 21.
LaTeX Font Info:    Setting ntxTLF sub-encoding to TS1/0 on input line 21.
LaTeX Font Info:    Setting ntxOsF sub-encoding to TS1/0 on input line 21.
LaTeX Font Info:    Setting ntxTOsF sub-encoding to TS1/0 on input line 21.

(C:\Users\gabri\AppData\Local\Programs\MiKTeX\tex/generic/binhex\binhex.tex)
\ntx@tmpcnta=\count267
\ntx@cnt=\count268

ntx@otftextfalse
(C:\Users\gabri\AppData\Local\Programs\MiKTeX\tex/latex/fontaxes\fontaxes.sty
Package: fontaxes 2020/07/21 v1.0e Font selection axes
LaTeX Info: Redefining \upshape on input line 29.
LaTeX Info: Redefining \itshape on input line 31.
LaTeX Info: Redefining \slshape on input line 33.
LaTeX Info: Redefining \swshape on input line 35.
LaTeX Info: Redefining \scshape on input line 37.
LaTeX Info: Redefining \sscshape on input line 39.
LaTeX Info: Redefining \ulcshape on input line 41.
LaTeX Info: Redefining \textsw on input line 47.
LaTeX Info: Redefining \textssc on input line 48.
LaTeX Info: Redefining \textulc on input line 49.
)
\tx@sixem=\dimen142
\tx@y=\dimen143
\tx@x=\dimen144
\tx@tmpdima=\dimen145
\tx@tmpdimb=\dimen146
\tx@tmpdimc=\dimen147
\tx@tmpdimd=\dimen148
\tx@tmpdime=\dimen149
\tx@tmpdimf=\dimen150
\tx@dimA=\dimen151
\tx@dimAA=\dimen152
\tx@dimB=\dimen153
\tx@dimBB=\dimen154
\tx@dimC=\dimen155
LaTeX Info: Redefining \oldstylenums on input line 710.
) (C:\Users\gabri\AppData\Local\Programs\MiKTeX\tex/latex/graphics\graphicx.sty
Package: graphicx 2021/09/16 v1.2d Enhanced LaTeX Graphics (DPC,SPQR)

(C:\Users\gabri\AppData\Local\Programs\MiKTeX\tex/latex/graphics\graphics.sty
Package: graphics 2022/03/10 v1.4e Standard LaTeX Graphics (DPC,SPQR)

(C:\Users\gabri\AppData\Local\Programs\MiKTeX\tex/latex/graphics\trig.sty
Package: trig 2021/08/11 v1.11 sin cos tan (DPC)
)
(C:\Users\gabri\AppData\Local\Programs\MiKTeX\tex/latex/graphics-cfg\graphics.c
fg
File: graphics.cfg 2016/06/04 v1.11 sample graphics configuration
)
Package graphics Info: Driver file: pdftex.def on input line 107.

(C:\Users\gabri\AppData\Local\Programs\MiKTeX\tex/latex/graphics-def\pdftex.def
File: pdftex.def 2022/09/22 v1.2b Graphics/color driver for pdftex
))
\Gin@req@height=\dimen156
\Gin@req@width=\dimen157
) (C:\Users\gabri\AppData\Local\Programs\MiKTeX\tex/latex/amsmath\amsmath.sty
Package: amsmath 2023/05/13 v2.17o AMS math features
\@mathmargin=\skip50
For additional information on amsmath, use the `?' option.
(C:\Users\gabri\AppData\Local\Programs\MiKTeX\tex/latex/amsmath\amstext.sty
Package: amstext 2021/08/26 v2.01 AMS text

(C:\Users\gabri\AppData\Local\Programs\MiKTeX\tex/latex/amsmath\amsgen.sty
File: amsgen.sty 1999/11/30 v2.0 generic functions
\@emptytoks=\toks22
\ex@=\dimen158
))
(C:\Users\gabri\AppData\Local\Programs\MiKTeX\tex/latex/amsmath\amsbsy.sty
Package: amsbsy 1999/11/29 v1.2d Bold Symbols
\pmbraise@=\dimen159
)
(C:\Users\gabri\AppData\Local\Programs\MiKTeX\tex/latex/amsmath\amsopn.sty
Package: amsopn 2022/04/08 v2.04 operator names
)
\inf@bad=\count269
LaTeX Info: Redefining \frac on input line 234.
\uproot@=\count270
\leftroot@=\count271
LaTeX Info: Redefining \overline on input line 399.
LaTeX Info: Redefining \colon on input line 410.
\classnum@=\count272
\DOTSCASE@=\count273
LaTeX Info: Redefining \ldots on input line 496.
LaTeX Info: Redefining \dots on input line 499.
LaTeX Info: Redefining \cdots on input line 620.
\Mathstrutbox@=\box51
\strutbox@=\box52
LaTeX Info: Redefining \big on input line 722.
LaTeX Info: Redefining \Big on input line 723.
LaTeX Info: Redefining \bigg on input line 724.
LaTeX Info: Redefining \Bigg on input line 725.
\big@size=\dimen160
LaTeX Font Info:    Redeclaring font encoding OML on input line 743.
LaTeX Font Info:    Redeclaring font encoding OMS on input line 744.
\macc@depth=\count274
LaTeX Info: Redefining \bmod on input line 905.
LaTeX Info: Redefining \pmod on input line 910.
LaTeX Info: Redefining \smash on input line 940.
LaTeX Info: Redefining \relbar on input line 970.
LaTeX Info: Redefining \Relbar on input line 971.
\c@MaxMatrixCols=\count275
\dotsspace@=\muskip16
\c@parentequation=\count276
\dspbrk@lvl=\count277
\tag@help=\toks23
\row@=\count278
\column@=\count279
\maxfields@=\count280
\andhelp@=\toks24
\eqnshift@=\dimen161
\alignsep@=\dimen162
\tagshift@=\dimen163
\tagwidth@=\dimen164
\totwidth@=\dimen165
\lineht@=\dimen166
\@envbody=\toks25
\multlinegap=\skip51
\multlinetaggap=\skip52
\mathdisplay@stack=\toks26
LaTeX Info: Redefining \[ on input line 2953.
LaTeX Info: Redefining \] on input line 2954.
)
(C:\Users\gabri\AppData\Local\Programs\MiKTeX\tex/latex/amsfonts\amsfonts.sty
Package: amsfonts 2013/01/14 v3.01 Basic AMSFonts support
\symAMSa=\mathgroup4
\symAMSb=\mathgroup5
LaTeX Font Info:    Redeclaring math symbol \hbar on input line 98.
LaTeX Font Info:    Overwriting math alphabet `\mathfrak' in version `bold'
(Font)                  U/euf/m/n --> U/euf/b/n on input line 106.
)
(C:\Users\gabri\AppData\Local\Programs\MiKTeX\tex/latex/amsfonts\amssymb.sty
Package: amssymb 2013/01/14 v3.01 AMS font symbols
)
(C:\Users\gabri\AppData\Local\Programs\MiKTeX\tex/latex/float\float.sty
Package: float 2001/11/08 v1.3d Float enhancements (AL)
\c@float@type=\count281
\float@exts=\toks27
\float@box=\box53
\@float@everytoks=\toks28
\@floatcapt=\box54
)
(C:\Users\gabri\AppData\Local\Programs\MiKTeX\tex/latex/hyperref\hyperref.sty
Package: hyperref 2023-07-08 v7.01b Hypertext links for LaTeX

(C:\Users\gabri\AppData\Local\Programs\MiKTeX\tex/generic/ltxcmds\ltxcmds.sty
Package: ltxcmds 2020-05-10 v1.25 LaTeX kernel commands for general use (HO)
)
(C:\Users\gabri\AppData\Local\Programs\MiKTeX\tex/generic/pdftexcmds\pdftexcmds
.sty
Package: pdftexcmds 2020-06-27 v0.33 Utility functions of pdfTeX for LuaTeX (HO
)

(C:\Users\gabri\AppData\Local\Programs\MiKTeX\tex/generic/infwarerr\infwarerr.s
ty
Package: infwarerr 2019/12/03 v1.5 Providing info/warning/error messages (HO)
)
Package pdftexcmds Info: \pdf@primitive is available.
Package pdftexcmds Info: \pdf@ifprimitive is available.
Package pdftexcmds Info: \pdfdraftmode found.
)
(C:\Users\gabri\AppData\Local\Programs\MiKTeX\tex/latex/kvsetkeys\kvsetkeys.sty
Package: kvsetkeys 2022-10-05 v1.19 Key value parser (HO)
)
(C:\Users\gabri\AppData\Local\Programs\MiKTeX\tex/generic/kvdefinekeys\kvdefine
keys.sty
Package: kvdefinekeys 2019-12-19 v1.6 Define keys (HO)
)
(C:\Users\gabri\AppData\Local\Programs\MiKTeX\tex/generic/pdfescape\pdfescape.s
ty
Package: pdfescape 2019/12/09 v1.15 Implements pdfTeX's escape features (HO)
) (C:\Users\gabri\AppData\Local\Programs\MiKTeX\tex/latex/hycolor\hycolor.sty
Package: hycolor 2020-01-27 v1.10 Color options for hyperref/bookmark (HO)
)
(C:\Users\gabri\AppData\Local\Programs\MiKTeX\tex/latex/letltxmacro\letltxmacro
.sty
Package: letltxmacro 2019/12/03 v1.6 Let assignment for LaTeX macros (HO)
)
(C:\Users\gabri\AppData\Local\Programs\MiKTeX\tex/latex/auxhook\auxhook.sty
Package: auxhook 2019-12-17 v1.6 Hooks for auxiliary files (HO)
)
(C:\Users\gabri\AppData\Local\Programs\MiKTeX\tex/latex/hyperref\nameref.sty
Package: nameref 2023-08-07 v2.53 Cross-referencing by name of section

(C:\Users\gabri\AppData\Local\Programs\MiKTeX\tex/latex/refcount\refcount.sty
Package: refcount 2019/12/15 v3.6 Data extraction from label references (HO)
)
(C:\Users\gabri\AppData\Local\Programs\MiKTeX\tex/generic/gettitlestring\gettit
lestring.sty
Package: gettitlestring 2019/12/15 v1.6 Cleanup title references (HO)

(C:\Users\gabri\AppData\Local\Programs\MiKTeX\tex/latex/kvoptions\kvoptions.sty
Package: kvoptions 2022-06-15 v3.15 Key value format for package options (HO)
))
\c@section@level=\count282
)
\@linkdim=\dimen167
\Hy@linkcounter=\count283
\Hy@pagecounter=\count284
 (C:\Users\gabri\AppData\Local\Programs\MiKTeX\tex/latex/hyperref\pd1enc.def
File: pd1enc.def 2023-07-08 v7.01b Hyperref: PDFDocEncoding definition (HO)
Now handling font encoding PD1 ...
... no UTF-8 mapping file for font encoding PD1
) (C:\Users\gabri\AppData\Local\Programs\MiKTeX\tex/generic/intcalc\intcalc.sty
Package: intcalc 2019/12/15 v1.3 Expandable calculations with integers (HO)
)
\Hy@SavedSpaceFactor=\count285
 (C:\Users\gabri\AppData\Local\Programs\MiKTeX\tex/latex/hyperref\puenc.def
File: puenc.def 2023-07-08 v7.01b Hyperref: PDF Unicode definition (HO)
Now handling font encoding PU ...
... no UTF-8 mapping file for font encoding PU
)
Package hyperref Info: Hyper figures OFF on input line 4167.
Package hyperref Info: Link nesting OFF on input line 4172.
Package hyperref Info: Hyper index ON on input line 4175.
Package hyperref Info: Plain pages OFF on input line 4182.
Package hyperref Info: Backreferencing OFF on input line 4187.
Package hyperref Info: Implicit mode ON; LaTeX internals redefined.
Package hyperref Info: Bookmarks ON on input line 4434.
\c@Hy@tempcnt=\count286

(C:\Users\gabri\AppData\Local\Programs\MiKTeX\tex/latex/url\url.sty
\Urlmuskip=\muskip17
Package: url 2013/09/16  ver 3.4  Verb mode for urls, etc.
)
LaTeX Info: Redefining \url on input line 4772.
\XeTeXLinkMargin=\dimen168

(C:\Users\gabri\AppData\Local\Programs\MiKTeX\tex/generic/bitset\bitset.sty
Package: bitset 2019/12/09 v1.3 Handle bit-vector datatype (HO)

(C:\Users\gabri\AppData\Local\Programs\MiKTeX\tex/generic/bigintcalc\bigintcalc
.sty
Package: bigintcalc 2019/12/15 v1.5 Expandable calculations on big integers (HO
)
))
\Fld@menulength=\count287
\Field@Width=\dimen169
\Fld@charsize=\dimen170
Package hyperref Info: Hyper figures OFF on input line 6051.
Package hyperref Info: Link nesting OFF on input line 6056.
Package hyperref Info: Hyper index ON on input line 6059.
Package hyperref Info: backreferencing OFF on input line 6066.
Package hyperref Info: Link coloring OFF on input line 6071.
Package hyperref Info: Link coloring with OCG OFF on input line 6076.
Package hyperref Info: PDF/A mode OFF on input line 6081.

(C:\Users\gabri\AppData\Local\Programs\MiKTeX\tex/latex/base\atbegshi-ltx.sty
Package: atbegshi-ltx 2021/01/10 v1.0c Emulation of the original atbegshi
package with kernel methods
)
\Hy@abspage=\count288
\c@Item=\count289
\c@Hfootnote=\count290
)
Package hyperref Info: Driver (autodetected): hpdftex.
(C:\Users\gabri\AppData\Local\Programs\MiKTeX\tex/latex/hyperref\hpdftex.def
File: hpdftex.def 2023-07-08 v7.01b Hyperref driver for pdfTeX

(C:\Users\gabri\AppData\Local\Programs\MiKTeX\tex/latex/base\atveryend-ltx.sty
Package: atveryend-ltx 2020/08/19 v1.0a Emulation of the original atveryend pac
kage
with kernel methods
)
\Fld@listcount=\count291
\c@bookmark@seq@number=\count292

(C:\Users\gabri\AppData\Local\Programs\MiKTeX\tex/latex/rerunfilecheck\rerunfil
echeck.sty
Package: rerunfilecheck 2022-07-10 v1.10 Rerun checks for auxiliary files (HO)

(C:\Users\gabri\AppData\Local\Programs\MiKTeX\tex/generic/uniquecounter\uniquec
ounter.sty
Package: uniquecounter 2019/12/15 v1.4 Provide unlimited unique counter (HO)
)
Package uniquecounter Info: New unique counter `rerunfilecheck' on input line 2
85.
)
\Hy@SectionHShift=\skip53
)
(C:\Users\gabri\AppData\Local\Programs\MiKTeX\tex/latex/listings\listings.sty
\lst@mode=\count293
\lst@gtempboxa=\box55
\lst@token=\toks29
\lst@length=\count294
\lst@currlwidth=\dimen171
\lst@column=\count295
\lst@pos=\count296
\lst@lostspace=\dimen172
\lst@width=\dimen173
\lst@newlines=\count297
\lst@lineno=\count298
\lst@maxwidth=\dimen174

(C:\Users\gabri\AppData\Local\Programs\MiKTeX\tex/latex/listings\lstmisc.sty
File: lstmisc.sty 2023/02/27 1.9 (Carsten Heinz)
\c@lstnumber=\count299
\lst@skipnumbers=\count300
\lst@framebox=\box56
)
(C:\Users\gabri\AppData\Local\Programs\MiKTeX\tex/latex/listings\listings.cfg
File: listings.cfg 2023/02/27 1.9 listings configuration
))
Package: listings 2023/02/27 1.9 (Carsten Heinz)
(C:\Users\gabri\AppData\Local\Programs\MiKTeX\tex/latex/minted\minted.sty
Package: minted 2022/12/12 v2.7 Yet another Pygments shim for LaTeX

(C:\Users\gabri\AppData\Local\Programs\MiKTeX\tex/latex/fvextra\fvextra.sty
Package: fvextra 2022/11/30 v1.5 fvextra - extensions and patches for fancyvrb

(C:\Users\gabri\AppData\Local\Programs\MiKTeX\tex/latex/fancyvrb\fancyvrb.sty
Package: fancyvrb 2023/01/19 4.5a verbatim text (tvz,hv)
\FV@CodeLineNo=\count301
\FV@InFile=\read3
\FV@TabBox=\box57
\c@FancyVerbLine=\count302
\FV@StepNumber=\count303
\FV@OutFile=\write3
)
(C:\Users\gabri\AppData\Local\Programs\MiKTeX\tex/latex/upquote\upquote.sty
Package: upquote 2012/04/19 v1.3 upright-quote and grave-accent glyphs in verba
tim
)
(C:\Users\gabri\AppData\Local\Programs\MiKTeX\tex/latex/lineno\lineno.sty
Package: lineno 2023/05/20 line numbers on paragraphs v5.3
\linenopenalty=\count304
\output=\toks30
\linenoprevgraf=\count305
\linenumbersep=\dimen175
\linenumberwidth=\dimen176
\c@linenumber=\count306
\c@pagewiselinenumber=\count307
\c@LN@truepage=\count308
\c@internallinenumber=\count309
\c@internallinenumbers=\count310
\quotelinenumbersep=\dimen177
\bframerule=\dimen178
\bframesep=\dimen179
\bframebox=\box58
\linenoamsmath@ams@eqpen=\count311
LaTeX Info: Redefining \\ on input line 3180.
)
\c@FV@TrueTabGroupLevel=\count312
\c@FV@TrueTabCounter=\count313
\FV@TabBox@Group=\box59
\FV@TmpLength=\skip54
\c@FV@HighlightLinesStart=\count314
\c@FV@HighlightLinesStop=\count315
\FV@LoopCount=\count316
\FV@NCharsBox=\box60
\FV@BreakIndent=\dimen180
\FV@BreakIndentNChars=\count317
\FV@BreakSymbolSepLeft=\dimen181
\FV@BreakSymbolSepLeftNChars=\count318
\FV@BreakSymbolSepRight=\dimen182
\FV@BreakSymbolSepRightNChars=\count319
\FV@BreakSymbolIndentLeft=\dimen183
\FV@BreakSymbolIndentLeftNChars=\count320
\FV@BreakSymbolIndentRight=\dimen184
\FV@BreakSymbolIndentRightNChars=\count321
\c@FancyVerbLineBreakLast=\count322
\FV@LineBox=\box61
\FV@LineIndentBox=\box62
\c@FV@BreakBufferDepth=\count323
\FV@LineWidth=\dimen185
)
(C:\Users\gabri\AppData\Local\Programs\MiKTeX\tex/latex/tools\calc.sty
Package: calc 2017/05/25 v4.3 Infix arithmetic (KKT,FJ)
\calc@Acount=\count324
\calc@Bcount=\count325
\calc@Adimen=\dimen186
\calc@Bdimen=\dimen187
\calc@Askip=\skip55
\calc@Bskip=\skip56
LaTeX Info: Redefining \setlength on input line 80.
LaTeX Info: Redefining \addtolength on input line 81.
\calc@Ccount=\count326
\calc@Cskip=\skip57
)
(C:\Users\gabri\AppData\Local\Programs\MiKTeX\tex/latex/tools\shellesc.sty
Package: shellesc 2023/04/15 v1.0d unified shell escape interface for LaTeX
Package shellesc Info: Unrestricted shell escape enabled on input line 75.
)
(C:\Users\gabri\AppData\Local\Programs\MiKTeX\tex/latex/ifplatform\ifplatform.s
ty
Package: ifplatform 2017/10/13 v0.4a Testing for the operating system

(C:\Users\gabri\AppData\Local\Programs\MiKTeX\tex/generic/catchfile\catchfile.s
ty
Package: catchfile 2019/12/09 v1.8 Catch the contents of a file (HO)

(C:\Users\gabri\AppData\Local\Programs\MiKTeX\tex/generic/etexcmds\etexcmds.sty
Package: etexcmds 2019/12/15 v1.7 Avoid name clashes with e-TeX commands (HO)
)) (C:\Users\gabri\AppData\Local\Programs\MiKTeX\tex/generic/iftex\ifluatex.sty
Package: ifluatex 2019/10/25 v1.5 ifluatex legacy package. Use iftex instead.
)) (C:\Users\gabri\AppData\Local\Programs\MiKTeX\tex/latex/framed\framed.sty
Package: framed 2011/10/22 v 0.96: framed or shaded text with page breaks
\OuterFrameSep=\skip58
\fb@frw=\dimen188
\fb@frh=\dimen189
\FrameRule=\dimen190
\FrameSep=\dimen191
)
\minted@appexistsfile=\read4
\minted@bgbox=\box63
\minted@code=\write4
\c@minted@FancyVerbLineTemp=\count327
\c@minted@pygmentizecounter=\count328
\@float@every@listing=\toks31
\c@listing=\count329
)
runsystem(if not exist _minted-Resumen_Comandos mkdir _minted-Resumen_Comandos)
...executed.


(C:\Users\gabri\AppData\Local\Programs\MiKTeX\tex/latex/xcolor\xcolor.sty
Package: xcolor 2022/06/12 v2.14 LaTeX color extensions (UK)

(C:\Users\gabri\AppData\Local\Programs\MiKTeX\tex/latex/graphics-cfg\color.cfg
File: color.cfg 2016/01/02 v1.6 sample color configuration
)
Package xcolor Info: Driver file: pdftex.def on input line 227.
(C:\Users\gabri\AppData\Local\Programs\MiKTeX\tex/latex/graphics\mathcolor.ltx)
Package xcolor Info: Model `cmy' substituted by `cmy0' on input line 1353.
Package xcolor Info: Model `hsb' substituted by `rgb' on input line 1357.
Package xcolor Info: Model `RGB' extended on input line 1369.
Package xcolor Info: Model `HTML' substituted by `rgb' on input line 1371.
Package xcolor Info: Model `Hsb' substituted by `hsb' on input line 1372.
Package xcolor Info: Model `tHsb' substituted by `hsb' on input line 1373.
Package xcolor Info: Model `HSB' substituted by `hsb' on input line 1374.
Package xcolor Info: Model `Gray' substituted by `gray' on input line 1375.
Package xcolor Info: Model `wave' substituted by `hsb' on input line 1376.
(C:\Users\gabri\AppData\Local\Programs\MiKTeX\tex/latex/graphics\dvipsnam.def
File: dvipsnam.def 2016/06/17 v3.0m Driver-dependent file (DPC,SPQR)
))
LaTeX Font Info:    Trying to load font information for OT1+ntxtlf on input lin
e 54.
(C:\Users\gabri\AppData\Local\Programs\MiKTeX\tex/latex/newtx\ot1ntxtlf.fd
File: ot1ntxtlf.fd 2021/05/24 v1.0 font definition file for OT1/ntx/tlf
)
LaTeX Font Info:    Font shape `OT1/ntxtlf/m/n' will be
(Font)              scaled to size 12.0pt on input line 54.
runsystem(for ^%i in (pygmentize.exe pygmentize.bat pygmentize.cmd) do set > Re
sumen_Comandos.aex <nul: /p x=^%~$PATH:i>> Resumen_Comandos.aex)...executed.

runsystem(del Resumen_Comandos.aex)...executed.


(C:\Users\gabri\AppData\Local\Programs\MiKTeX\tex/latex/l3backend\l3backend-pdf
tex.def
File: l3backend-pdftex.def 2023-04-19 L3 backend support: PDF output (pdfTeX)
\l__color_backend_stack_int=\count330
\l__pdf_internal_box=\box64
) (Resumen_Comandos.aux
LaTeX Info: Redefining \. on input line 22.
LaTeX Info: Redefining \% on input line 22.


LaTeX Warning: Label `' multiply defined.


LaTeX Warning: Label `' multiply defined.


LaTeX Warning: Label `' multiply defined.


LaTeX Warning: Label `' multiply defined.

)
\openout1 = `Resumen_Comandos.aux'.

LaTeX Font Info:    Checking defaults for OML/cmm/m/it on input line 54.
LaTeX Font Info:    ... okay on input line 54.
LaTeX Font Info:    Checking defaults for OMS/cmsy/m/n on input line 54.
LaTeX Font Info:    ... okay on input line 54.
LaTeX Font Info:    Checking defaults for OT1/cmr/m/n on input line 54.
LaTeX Font Info:    ... okay on input line 54.
LaTeX Font Info:    Checking defaults for T1/cmr/m/n on input line 54.
LaTeX Font Info:    ... okay on input line 54.
LaTeX Font Info:    Checking defaults for TS1/cmr/m/n on input line 54.
LaTeX Font Info:    ... okay on input line 54.
LaTeX Font Info:    Checking defaults for OMX/cmex/m/n on input line 54.
LaTeX Font Info:    ... okay on input line 54.
LaTeX Font Info:    Checking defaults for U/cmr/m/n on input line 54.
LaTeX Font Info:    ... okay on input line 54.
LaTeX Font Info:    Checking defaults for PD1/pdf/m/n on input line 54.
LaTeX Font Info:    ... okay on input line 54.
LaTeX Font Info:    Checking defaults for PU/pdf/m/n on input line 54.
LaTeX Font Info:    ... okay on input line 54.
LaTeX Info: Redefining \. on input line 54.
LaTeX Info: Redefining \% on input line 54.
\c@mv@tabular=\count331
\c@mv@boldtabular=\count332

(C:\Users\gabri\AppData\Local\Programs\MiKTeX\tex/context/base/mkii\supp-pdf.mk
ii
[Loading MPS to PDF converter (version 2006.09.02).]
\scratchcounter=\count333
\scratchdimen=\dimen192
\scratchbox=\box65
\nofMPsegments=\count334
\nofMParguments=\count335
\everyMPshowfont=\toks32
\MPscratchCnt=\count336
\MPscratchDim=\dimen193
\MPnumerator=\count337
\makeMPintoPDFobject=\count338
\everyMPtoPDFconversion=\toks33
)
(C:\Users\gabri\AppData\Local\Programs\MiKTeX\tex/latex/epstopdf-pkg\epstopdf-b
ase.sty
Package: epstopdf-base 2020-01-24 v2.11 Base part for package epstopdf

(C:\Users\gabri\AppData\Local\Programs\MiKTeX\tex/latex/grfext\grfext.sty
Package: grfext 2019/12/03 v1.3 Manage graphics extensions (HO)
)
Package epstopdf-base Info: Redefining graphics rule for `.eps' on input line 4
85.
Package grfext Info: Graphics extension search list:
(grfext)             [.pdf,.png,.jpg,.mps,.jpeg,.jbig2,.jb2,.PDF,.PNG,.JPG,.JPE
G,.JBIG2,.JB2,.eps]
(grfext)             \AppendGraphicsExtensions on input line 504.

(C:\Users\gabri\AppData\Local\Programs\MiKTeX\tex/latex/00miktex\epstopdf-sys.c
fg
File: epstopdf-sys.cfg 2021/03/18 v2.0 Configuration of epstopdf for MiKTeX
))
Package hyperref Info: Link coloring OFF on input line 54.
 (Resumen_Comandos.out) (Resumen_Comandos.out)
\@outlinefile=\write5
\openout5 = `Resumen_Comandos.out'.

\c@lstlisting=\count339
LaTeX Font Info:    Font shape `OT1/ntxtlf/m/n' will be
(Font)              scaled to size 20.74pt on input line 61.
LaTeX Font Info:    Font shape `OT1/ntxtlf/m/n' will be
(Font)              scaled to size 14.4pt on input line 61.
LaTeX Font Info:    Trying to load font information for U+msa on input line 61.


(C:\Users\gabri\AppData\Local\Programs\MiKTeX\tex/latex/amsfonts\umsa.fd
File: umsa.fd 2013/01/14 v3.01 AMS symbols A
)
LaTeX Font Info:    Trying to load font information for U+msb on input line 61.


(C:\Users\gabri\AppData\Local\Programs\MiKTeX\tex/latex/amsfonts\umsb.fd
File: umsb.fd 2013/01/14 v3.01 AMS symbols B
)
[1



{C:/Users/gabri/AppData/Local/MiKTeX/fonts/map/pdftex/pdftex.map}{C:/Users/gabr
i/AppData/Local/Programs/MiKTeX/fonts/enc/dvips/newtx/ntx-ot1-tlf.enc}]
LaTeX Font Info:    Font shape `OT1/ntxtlf/m/sc' will be
(Font)              scaled to size 12.0pt on input line 61.
LaTeX Font Info:    Font shape `OT1/ntxtlf/m/sl' will be
(Font)              scaled to size 12.0pt on input line 61.

[2{C:/Users/gabri/AppData/Local/Programs/MiKTeX/fonts/enc/dvips/newtx/ntx-ot1-t
lf-pc.enc}

]
LaTeX Font Info:    Font shape `OT1/ntxtlf/m/n' will be
(Font)              scaled to size 24.88pt on input line 61.
LaTeX Font Info:    Font shape `OT1/ntxtlf/b/n' will be
(Font)              scaled to size 24.88pt on input line 61.
 (Resumen_Comandos.toc
LaTeX Info: Redefining \. on input line 1.
LaTeX Info: Redefining \% on input line 1.
LaTeX Font Info:    Font shape `OT1/ntxtlf/b/n' will be
(Font)              scaled to size 12.0pt on input line 2.
 [3]
LaTeX Info: Redefining \. on input line 69.
LaTeX Info: Redefining \% on input line 69.
 [4{C:/Users/gabri/AppData/Local/Programs/MiKTeX/fonts/enc/dvips/newtx/ntx-ot1-
th-tlf.enc}])
\tf@toc=\write6
\openout6 = `Resumen_Comandos.toc'.

LaTeX Info: Redefining \. on input line 62.
LaTeX Info: Redefining \% on input line 62.
 [5]
LaTeX Info: Redefining \. on input line 62.
LaTeX Info: Redefining \% on input line 62.
 [6

]
Cap\'{\i }tulo 1.
LaTeX Font Info:    Font shape `OT1/ntxtlf/m/n' will be
(Font)              scaled to size 17.28pt on input line 70.
LaTeX Font Info:    Font shape `OT1/ntxtlf/b/n' will be
(Font)              scaled to size 17.28pt on input line 70.
LaTeX Font Info:    Font shape `OT1/ntxtlf/b/n' will be
(Font)              scaled to size 14.4pt on input line 80.
(C:\Users\gabri\AppData\Local\Programs\MiKTeX\tex/latex/listings\lstlang1.sty
File: lstlang1.sty 2023/02/27 1.9 listings language file
)
LaTeX Font Info:    Trying to load font information for OT1+ntxtt on input line
 82.

(C:\Users\gabri\AppData\Local\Programs\MiKTeX\tex/latex/newtx\ot1ntxtt.fd
File: ot1ntxtt.fd 2012/04/20 v3.1
)
LaTeX Font Info:    Font shape `OT1/ntxtt/m/n' will be
(Font)              scaled to size 12.0pt on input line 82.
LaTeX Font Info:    Font shape `OT1/ntxtt/m/n' will be
(Font)              scaled to size 10.0pt on input line 82.
LaTeX Font Info:    Font shape `OT1/ntxtlf/m/n' will be
(Font)              scaled to size 10.0pt on input line 83.
LaTeX Font Info:    Font shape `OT1/ntxtlf/m/n' will be
(Font)              scaled to size 6.0pt on input line 83.

[1

]
LaTeX Info: Redefining \. on input line 143.
LaTeX Info: Redefining \% on input line 143.
 [2]
LaTeX Info: Redefining \. on input line 219.
LaTeX Info: Redefining \% on input line 219.
 [3]
LaTeX Info: Redefining \. on input line 254.
LaTeX Info: Redefining \% on input line 254.
 [4]
LaTeX Info: Redefining \. on input line 304.
LaTeX Info: Redefining \% on input line 304.
 [5]
LaTeX Info: Redefining \. on input line 345.
LaTeX Info: Redefining \% on input line 345.
 [6]
LaTeX Font Info:    Font shape `OT1/ntxtlf/m/it' will be
(Font)              scaled to size 12.0pt on input line 347.
<innerjoin.jpg, id=618, 457.20813pt x 340.27126pt>
File: innerjoin.jpg Graphic file (type jpg)
<use innerjoin.jpg>
Package pdftex.def Info: innerjoin.jpg  used on input line 353.
(pdftex.def)             Requested size: 155.99762pt x 116.09567pt.
<leftjoin.jpg, id=619, 478.78876pt x 341.275pt>
File: leftjoin.jpg Graphic file (type jpg)
<use leftjoin.jpg>
Package pdftex.def Info: leftjoin.jpg  used on input line 359.
(pdftex.def)             Requested size: 155.99762pt x 111.19426pt.
<rightjoin.jpg, id=620, 462.72874pt x 341.77687pt>
File: rightjoin.jpg Graphic file (type jpg)
<use rightjoin.jpg>
Package pdftex.def Info: rightjoin.jpg  used on input line 365.
(pdftex.def)             Requested size: 155.99762pt x 115.22215pt.
LaTeX Info: Redefining \. on input line 368.
LaTeX Info: Redefining \% on input line 368.
 [7 <./innerjoin.jpg> <./leftjoin.jpg>]
<fulljoin.jpg, id=637, 471.26062pt x 337.76187pt>
File: fulljoin.jpg Graphic file (type jpg)
<use fulljoin.jpg>
Package pdftex.def Info: fulljoin.jpg  used on input line 371.
(pdftex.def)             Requested size: 155.99762pt x 111.80707pt.
LaTeX Info: Redefining \. on input line 378.
LaTeX Info: Redefining \% on input line 378.
 [8 <./rightjoin.jpg> <./fulljoin.jpg>]
Cap\'{\i }tulo 2.
[9

]
LaTeX Info: Redefining \. on input line 391.
LaTeX Info: Redefining \% on input line 391.
 [10

]
Cap\'{\i }tulo 3.

Overfull \hbox (39.10402pt too wide) in paragraph at lines 402--405
[]\OT1/ntxtlf/m/n/12 La sin-ta-xis de una fun-ci[]on en Ex-cel y Goo-gle Sheets
 es =NOM-FUNCION(argumento1;
 []


Underfull \hbox (badness 10000) in paragraph at lines 412--419

 []

[11]
LaTeX Info: Redefining \. on input line 442.
LaTeX Info: Redefining \% on input line 442.
 [12]
Overfull \hbox (14.78864pt too wide) in paragraph at lines 463--467
\OT1/ntxtlf/m/n/12 =BUSCARV(valor-buscado; rango-de-busqueda; num-para-indicar-
col-de-busqueda;
 []

LaTeX Info: Redefining \. on input line 467.
LaTeX Info: Redefining \% on input line 467.
[13]
Underfull \hbox (badness 10000) in paragraph at lines 468--471

 []


Overfull \hbox (86.19476pt too wide) in paragraph at lines 495--496
[]\OT1/ntxtlf/m/n/12 =SUMAR.SI.CONJUNTO(rango-suma;rango-criterio1;criterio1;ra
ngo-criterio2;criterio2;...) 
 []

LaTeX Info: Redefining \. on input line 496.
LaTeX Info: Redefining \% on input line 496.
[14]
Overfull \hbox (32.08675pt too wide) in paragraph at lines 496--497
[]\OT1/ntxtlf/m/n/12 =CONTAR.SI.CONJUNTO(rango-criterio1;criterio1;rango-criter
io2;criterio2;...) 
 []

LaTeX Info: Redefining \. on input line 518.
LaTeX Info: Redefining \% on input line 518.
[15]
LaTeX Info: Redefining \. on input line 524.
LaTeX Info: Redefining \% on input line 524.
 [16]
Cap\'{\i }tulo 4.
(C:\Users\gabri\AppData\Local\Programs\MiKTeX\tex/latex/listings\lstlang1.sty
File: lstlang1.sty 2023/02/27 1.9 listings language file
)
LaTeX Font Info:    Trying to load font information for TS1+ntxtt on input line
 537.

(C:\Users\gabri\AppData\Local\Programs\MiKTeX\tex/latex/newtx\ts1ntxtt.fd
File: ts1ntxtt.fd 2012/04/20 v3.1
)
LaTeX Font Info:    Font shape `TS1/ntxtt/m/n' will be
(Font)              scaled to size 10.0pt on input line 537.

[17

]
LaTeX Info: Redefining \. on input line 605.
LaTeX Info: Redefining \% on input line 605.
 [18]
LaTeX Info: Redefining \. on input line 654.
LaTeX Info: Redefining \% on input line 654.
 [19]
LaTeX Info: Redefining \. on input line 721.
LaTeX Info: Redefining \% on input line 721.
 [20]
LaTeX Info: Redefining \. on input line 780.
LaTeX Info: Redefining \% on input line 780.
 [21]
LaTeX Info: Redefining \. on input line 780.
LaTeX Info: Redefining \% on input line 780.
 [22

]
Cap\'{\i }tulo 5.
\openout3 = `Resumen_Comandos.pyg'.

(_minted-Resumen_Comandos/default.pygstyle)
(_minted-Resumen_Comandos/1C90BA368CD758A45E9C4E61FD127B8AEFE2FB6F39D0FB99C4A75
2B028DB39DF.pygtex)
\openout3 = `Resumen_Comandos.pyg'.


(_minted-Resumen_Comandos/06B386884451E0E716DD09ABA165C311EFE2FB6F39D0FB99C4A75
2B028DB39DF.pygtex [23])
\openout3 = `Resumen_Comandos.pyg'.


(_minted-Resumen_Comandos/E21834B27E7C7D5E28A50D2C9B800327EFE2FB6F39D0FB99C4A75
2B028DB39DF.pygtex
LaTeX Font Info:    Trying to load font information for OT1+txtt on input line 
2.

(C:\Users\gabri\AppData\Local\Programs\MiKTeX\tex/latex/txfonts\ot1txtt.fd
File: ot1txtt.fd 2000/12/15 v3.1
)
LaTeX Font Info:    Font shape `OT1/ntxtt/m/it' in size <12> not available
(Font)              Font shape `OT1/txtt/m/sl' tried instead on input line 2.
)
\openout3 = `Resumen_Comandos.pyg'.


(_minted-Resumen_Comandos/8ACA3FF5014C1F9D2AEABF9FCD3E1DF9EFE2FB6F39D0FB99C4A75
2B028DB39DF.pygtex)
\openout3 = `Resumen_Comandos.pyg'.


(_minted-Resumen_Comandos/CA3D4EB70ABDEAED9D634A3982ED2999EFE2FB6F39D0FB99C4A75
2B028DB39DF.pygtex
LaTeX Font Info:    Font shape `TS1/ntxtt/m/n' will be
(Font)              scaled to size 12.0pt on input line 3.
LaTeX Font Info:    Font shape `OT1/ntxtt/m/n' will be
(Font)              scaled to size 6.0pt on input line 3.

Underfull \vbox (badness 2027) has occurred while \output is active []

LaTeX Info: Redefining \. on input line 5.
LaTeX Info: Redefining \% on input line 5.
 [24])
\openout3 = `Resumen_Comandos.pyg'.


(_minted-Resumen_Comandos/04556FCC9E57F201D2C42407236CB0FCEFE2FB6F39D0FB99C4A75
2B028DB39DF.pygtex)
\openout3 = `Resumen_Comandos.pyg'.


(_minted-Resumen_Comandos/676017ADBF217E06EEA6D6D3E8259BA6EFE2FB6F39D0FB99C4A75
2B028DB39DF.pygtex)
\openout3 = `Resumen_Comandos.pyg'.


(_minted-Resumen_Comandos/618534356DF86FA10977398D9E26FB4CEFE2FB6F39D0FB99C4A75
2B028DB39DF.pygtex
LaTeX Font Info:    Font shape `OT1/ntxtt/m/it' in size <10> not available
(Font)              Font shape `OT1/txtt/m/sl' tried instead on input line 8.
LaTeX Font Info:    Font shape `OT1/ntxtlf/m/it' will be
(Font)              scaled to size 10.0pt on input line 8.
LaTeX Info: Redefining \. on input line 12.
LaTeX Info: Redefining \% on input line 12.
 [25])
\openout3 = `Resumen_Comandos.pyg'.


(_minted-Resumen_Comandos/44172CC446AA2ED9F0CBCE8F572DE1A5EFE2FB6F39D0FB99C4A75
2B028DB39DF.pygtex)
LaTeX Font Info:    Font shape `OT1/ntxtlf/m/n' will be
(Font)              scaled to size 8.0pt on input line 919.
LaTeX Info: Redefining \. on input line 924.
LaTeX Info: Redefining \% on input line 924.
 [26]
\openout3 = `Resumen_Comandos.pyg'.


(_minted-Resumen_Comandos/88AAC79647B3CA0B9D76B1BBACFC6500EFE2FB6F39D0FB99C4A75
2B028DB39DF.pygtex)
\openout3 = `Resumen_Comandos.pyg'.


(_minted-Resumen_Comandos/4A64060045668B211611A27BAA2F79F1EFE2FB6F39D0FB99C4A75
2B028DB39DF.pygtex)
\openout3 = `Resumen_Comandos.pyg'.


(_minted-Resumen_Comandos/CC1600DA185AA769CC484D0632EC8C7CEFE2FB6F39D0FB99C4A75
2B028DB39DF.pygtex)
\openout3 = `Resumen_Comandos.pyg'.


(_minted-Resumen_Comandos/C229ADB84E8C6CB504E6DD43552ACB6CEFE2FB6F39D0FB99C4A75
2B028DB39DF.pygtex)
LaTeX Info: Redefining \. on input line 954.
LaTeX Info: Redefining \% on input line 954.
 [27]
LaTeX Info: Redefining \. on input line 954.
LaTeX Info: Redefining \% on input line 954.
 [28

]
Cap\'{\i }tulo 6.

Overfull \hbox (10.12949pt too wide) in paragraph at lines 960--961
[]\OT1/ntxtt/m/n/12 git config --global user.name "nom-usuario"\OT1/ntxtlf/m/n/
12 : se con-fi-gu-ra el nom-
 []

[29]
LaTeX Info: Redefining \. on input line 992.
LaTeX Info: Redefining \% on input line 992.
 [30]
LaTeX Info: Redefining \. on input line 999.
LaTeX Info: Redefining \% on input line 999.
 [31]
LaTeX Info: Redefining \. on input line 999.
LaTeX Info: Redefining \% on input line 999.
 [32

]
Cap\'{\i }tulo 7.
<foto1.png, id=947, 986.18437pt x 433.62pt>
File: foto1.png Graphic file (type png)
<use foto1.png>
Package pdftex.def Info: foto1.png  used on input line 1011.
(pdftex.def)             Requested size: 390.0pt x 171.47983pt.

Underfull \vbox (badness 10000) has occurred while \output is active []

 [33]
<foto2.png, id=953, 884.103pt x 389.65575pt>
File: foto2.png Graphic file (type png)
<use foto2.png>
Package pdftex.def Info: foto2.png  used on input line 1017.
(pdftex.def)             Requested size: 390.0pt x 171.88309pt.
LaTeX Info: Redefining \. on input line 1025.
LaTeX Info: Redefining \% on input line 1025.

[34 <./foto1.png> <./foto2.png>]
Overfull \hbox (14.49274pt too wide) in paragraph at lines 1040--1041
[]\OT1/ntxtlf/m/n/12 COUNT: Mues-tra la can-ti-dad de fi-las de un cam-po. Ejem
-plo: COUNT([Libros]),
 []

LaTeX Info: Redefining \. on input line 1043.
LaTeX Info: Redefining \% on input line 1043.
[35]
Overfull \hbox (82.6649pt too wide) in paragraph at lines 1043--1044
[]\OT1/ntxtlf/m/n/12 ROUND: Re-don-dea un n^^Sume-ro con de-ci-ma-les es-pe-ci-
fi-ca-dos. Ejem-plo: ROUND("5,1634546",
 []

LaTeX Font Info:    Trying to load font information for TS1+ntxtlf on input lin
e 1060.
(C:\Users\gabri\AppData\Local\Programs\MiKTeX\tex/latex/newtx\ts1ntxtlf.fd
File: ts1ntxtlf.fd 2015/01/18 v1.0 fd file for TS1/ntxtlf
)
LaTeX Font Info:    Font shape `TS1/ntxtlf/m/n' will be
(Font)              scaled to size 12.0pt on input line 1060.
LaTeX Info: Redefining \. on input line 1064.
LaTeX Info: Redefining \% on input line 1064.

[36{C:/Users/gabri/AppData/Local/Programs/MiKTeX/fonts/enc/dvips/tex-gyre/q-ts1
.enc}]
<marcas.png, id=991, 130.086pt x 125.268pt>
File: marcas.png Graphic file (type png)
<use marcas.png>
Package pdftex.def Info: marcas.png  used on input line 1067.
(pdftex.def)             Requested size: 117.00119pt x 112.67325pt.
<filtro1.png, id=992, 81.30376pt x 79.497pt>
File: filtro1.png Graphic file (type png)
<use filtro1.png>
Package pdftex.def Info: filtro1.png  used on input line 1080.
(pdftex.def)             Requested size: 77.99881pt x 76.27136pt.
<filtro2.png, id=993, 210.03468pt x 188.20313pt>
File: filtro2.png Graphic file (type png)
<use filtro2.png>
Package pdftex.def Info: filtro2.png  used on input line 1086.
(pdftex.def)             Requested size: 117.00119pt x 104.83878pt.
LaTeX Info: Redefining \. on input line 1088.
LaTeX Info: Redefining \% on input line 1088.
 [37 <./marcas.png> <./filtro1.png>]
<filtro3.png, id=1004, 503.63156pt x 377.91188pt>
File: filtro3.png Graphic file (type png)
<use filtro3.png>
Package pdftex.def Info: filtro3.png  used on input line 1092.
(pdftex.def)             Requested size: 234.00238pt x 175.5888pt.
<filtro4.png, id=1005, 562.35094pt x 357.58594pt>
File: filtro4.png Graphic file (type png)
<use filtro4.png>
Package pdftex.def Info: filtro4.png  used on input line 1098.
(pdftex.def)             Requested size: 195.0pt x 123.99475pt.

Underfull \vbox (badness 3792) has occurred while \output is active []

LaTeX Info: Redefining \. on input line 1101.
LaTeX Info: Redefining \% on input line 1101.
 [38 <./filtro2.png> <./filtro3.png>]
Overfull \hbox (97.59906pt too wide) in paragraph at lines 1108--1109
[]$\OT1/ntxtt/m/n/12 Uhttps : / / www . kaggle . com / datasets / ishikajohari 
/ shazam-[]global-[]top-[]200-[]per-[]week ?
 []

<tabla1.png, id=1018, 593.8185pt x 407.121pt>
File: tabla1.png Graphic file (type png)
<use tabla1.png>
Package pdftex.def Info: tabla1.png  used on input line 1113.
(pdftex.def)             Requested size: 350.99762pt x 240.64037pt.

Underfull \vbox (badness 10000) has occurred while \output is active []

LaTeX Info: Redefining \. on input line 1116.
LaTeX Info: Redefining \% on input line 1116.
 [39 <./filtro4.png>]
<tabla2.png, id=1027, 298.716pt x 286.671pt>
File: tabla2.png Graphic file (type png)
<use tabla2.png>
Package pdftex.def Info: tabla2.png  used on input line 1121.
(pdftex.def)             Requested size: 195.0pt x 187.14316pt.

Underfull \vbox (badness 10000) has occurred while \output is active []

LaTeX Info: Redefining \. on input line 1124.
LaTeX Info: Redefining \% on input line 1124.
 [40 <./tabla1.png>]
<tabla3.png, id=1034, 339.06676pt x 372.1905pt>
File: tabla3.png Graphic file (type png)
<use tabla3.png>
Package pdftex.def Info: tabla3.png  used on input line 1127.
(pdftex.def)             Requested size: 272.99881pt x 299.66667pt.

Underfull \vbox (badness 10000) has occurred while \output is active []

LaTeX Info: Redefining \. on input line 1130.
LaTeX Info: Redefining \% on input line 1130.
 [41 <./tabla2.png>]
<tabla4.png, id=1041, 332.442pt x 380.622pt>
File: tabla4.png Graphic file (type png)
<use tabla4.png>
Package pdftex.def Info: tabla4.png  used on input line 1133.
(pdftex.def)             Requested size: 272.99881pt x 312.56505pt.

Underfull \vbox (badness 10000) has occurred while \output is active []

LaTeX Info: Redefining \. on input line 1136.
LaTeX Info: Redefining \% on input line 1136.
 [42 <./tabla3.png>]
<tabla5.png, id=1049, 436.63126pt x 399.29175pt>
File: tabla5.png Graphic file (type png)
<use tabla5.png>
Package pdftex.def Info: tabla5.png  used on input line 1144.
(pdftex.def)             Requested size: 272.99881pt x 249.6542pt.

Underfull \vbox (badness 10000) has occurred while \output is active []

LaTeX Info: Redefining \. on input line 1147.
LaTeX Info: Redefining \% on input line 1147.
 [43 <./tabla4.png>]
<mapa1.png, id=1058, 952.15726pt x 402.303pt>
File: mapa1.png Graphic file (type png)
<use mapa1.png>
Package pdftex.def Info: mapa1.png  used on input line 1152.
(pdftex.def)             Requested size: 350.99762pt x 148.30344pt.
LaTeX Info: Redefining \. on input line 1156.
LaTeX Info: Redefining \% on input line 1156.
 [44 <./tabla5.png> <./mapa1.png>]
LaTeX Info: Redefining \. on input line 1182.
LaTeX Info: Redefining \% on input line 1182.
 [45]
LaTeX Info: Redefining \. on input line 1206.
LaTeX Info: Redefining \% on input line 1206.
 [46]
LaTeX Info: Redefining \. on input line 1234.
LaTeX Info: Redefining \% on input line 1234.
 [47]
LaTeX Info: Redefining \. on input line 1234.
LaTeX Info: Redefining \% on input line 1234.
 [48

]
Underfull \hbox (badness 10000) in paragraph at lines 1238--1239
[][]$\OT1/ntxtt/m/n/12 https : / / help . tableau . com / current / pro / deskt
op / es-[]es /
 []

[49
pdfTeX warning (ext4): destination with the same identifier (name{cite.}) has b
een already used, duplicate ignored
<argument> ...shipout:D \box_use:N \l_shipout_box 
                                                  \__shipout_drop_firstpage_...
l.1250 \end{document}
                     
pdfTeX warning (ext4): destination with the same identifier (name{cite.}) has b
een already used, duplicate ignored
<argument> ...shipout:D \box_use:N \l_shipout_box 
                                                  \__shipout_drop_firstpage_...
l.1250 \end{document}
                     
pdfTeX warning (ext4): destination with the same identifier (name{cite.}) has b
een already used, duplicate ignored
<argument> ...shipout:D \box_use:N \l_shipout_box 
                                                  \__shipout_drop_firstpage_...
l.1250 \end{document}
                     
pdfTeX warning (ext4): destination with the same identifier (name{cite.}) has b
een already used, duplicate ignored
<argument> ...shipout:D \box_use:N \l_shipout_box 
                                                  \__shipout_drop_firstpage_...
l.1250 \end{document}
                     ] (Resumen_Comandos.aux
LaTeX Info: Redefining \. on input line 22.
LaTeX Info: Redefining \% on input line 22.
)
 ***********
LaTeX2e <2023-06-01> patch level 1
L3 programming layer <2023-08-11>
 ***********


LaTeX Warning: There were multiply-defined labels.

Package rerunfilecheck Info: File `Resumen_Comandos.out' has not changed.
(rerunfilecheck)             Checksum: 7E648018A170A7E51F6201B1B77AB796;13186.
runsystem(del Resumen_Comandos.pyg)...executed.

 ) 
Here is how much of TeX's memory you used:
 18686 strings out of 475503
 313150 string characters out of 5761834
 2110248 words of memory out of 5000000
 39073 multiletter control sequences out of 15000+600000
 590302 words of font info for 110 fonts, out of 8000000 for 9000
 1141 hyphenation exceptions out of 8191
 77i,10n,79p,1019b,2113s stack positions out of 10000i,1000n,20000p,200000b,200000s
<C:/Users/gabri/AppData/Local/Programs/MiKTeX/fonts/type1/public/amsfonts/cm/
cmmi12.pfb><C:/Users/gabri/AppData/Local/Programs/MiKTeX/fonts/type1/public/ams
fonts/cm/cmmi6.pfb><C:/Users/gabri/AppData/Local/Programs/MiKTeX/fonts/type1/pu
blic/amsfonts/cm/cmr12.pfb><C:/Users/gabri/AppData/Local/Programs/MiKTeX/fonts/
type1/public/amsfonts/cm/cmsy10.pfb><C:/Users/gabri/AppData/Local/Programs/MiKT
eX/fonts/type1/public/amsfonts/cm/cmsy6.pfb><C:/Users/gabri/AppData/Local/Progr
ams/MiKTeX/fonts/type1/public/tex-gyre/qtmr.pfb><C:/Users/gabri/AppData/Local/P
rograms/MiKTeX/fonts/type1/public/txfonts/tcxtt.pfb><C:/Users/gabri/AppData/Loc
al/Programs/MiKTeX/fonts/type1/public/txfonts/txtt.pfb><C:/Users/gabri/AppData/
Local/Programs/MiKTeX/fonts/type1/public/txfonts/txtt.pfb><C:/Users/gabri/AppDa
ta/Local/Programs/MiKTeX/fonts/type1/public/newtx/ztmb.pfb><C:/Users/gabri/AppD
ata/Local/Programs/MiKTeX/fonts/type1/public/newtx/ztmr.pfb><C:/Users/gabri/App
Data/Local/Programs/MiKTeX/fonts/type1/public/newtx/ztmri.pfb>
Output written on Resumen_Comandos.pdf (55 pages, 1139884 bytes).
PDF statistics:
 1279 PDF objects out of 1440 (max. 8388607)
 540 named destinations out of 1000 (max. 500000)
 758 words of extra memory for PDF output out of 10000 (max. 10000000)

